-------------------------------------------------------------------------------
Test set: com.ruminderhub.kafka.KafkaApplicationTests
-------------------------------------------------------------------------------
Tests run: 1, Failures: 0, Errors: 1, Skipped: 0, Time elapsed: 22.427 s <<< FAILURE! - in com.ruminderhub.kafka.KafkaApplicationTests
contextLoads  Time elapsed: 0.002 s  <<< ERROR!
java.lang.IllegalStateException: Failed to load ApplicationContext
Caused by: org.springframework.beans.factory.UnsatisfiedDependencyException: Error creating bean with name 'kafkaController': Unsatisfied dependency expressed through field 'producer'; nested exception is org.springframework.beans.factory.BeanCreationException: Error creating bean with name 'producer' defined in file [/Users/rumindersingh/Documents/practise/kafka/kafka-spring-boot/target/classes/com/ruminderhub/kafka/service/Producer.class]: Instantiation of bean failed; nested exception is java.lang.ExceptionInInitializerError
Caused by: org.springframework.beans.factory.BeanCreationException: Error creating bean with name 'producer' defined in file [/Users/rumindersingh/Documents/practise/kafka/kafka-spring-boot/target/classes/com/ruminderhub/kafka/service/Producer.class]: Instantiation of bean failed; nested exception is java.lang.ExceptionInInitializerError
Caused by: java.lang.ExceptionInInitializerError
Caused by: java.lang.ClassCastException: ch.qos.logback.classic.Logger cannot be cast to java.util.logging.Logger

